[0.437s] Invoking command in '/home/sevval/serviceclientpractice_ws/src/py_srvcli': PYTHONPATH=/home/sevval/serviceclientpractice_ws/build/py_srvcli/prefix_override:/home/sevval/serviceclientpractice_ws/install/py_srvcli/lib/python3.8/site-packages:${PYTHONPATH} /usr/bin/python3 setup.py egg_info --egg-base ../../build/py_srvcli build --build-base /home/sevval/serviceclientpractice_ws/build/py_srvcli/build install --record /home/sevval/serviceclientpractice_ws/build/py_srvcli/install.log --install-scripts $base/lib/py_srvcli --single-version-externally-managed
[0.534s] running egg_info
[0.535s] creating ../../build/py_srvcli/py_srvcli.egg-info
[0.535s] writing ../../build/py_srvcli/py_srvcli.egg-info/PKG-INFO
[0.535s] writing dependency_links to ../../build/py_srvcli/py_srvcli.egg-info/dependency_links.txt
[0.535s] writing entry points to ../../build/py_srvcli/py_srvcli.egg-info/entry_points.txt
[0.535s] writing requirements to ../../build/py_srvcli/py_srvcli.egg-info/requires.txt
[0.535s] writing top-level names to ../../build/py_srvcli/py_srvcli.egg-info/top_level.txt
[0.537s] writing manifest file '../../build/py_srvcli/py_srvcli.egg-info/SOURCES.txt'
[0.553s] reading manifest file '../../build/py_srvcli/py_srvcli.egg-info/SOURCES.txt'
[0.553s] writing manifest file '../../build/py_srvcli/py_srvcli.egg-info/SOURCES.txt'
[0.553s] running build
[0.553s] running build_py
[0.554s] creating /home/sevval/serviceclientpractice_ws/build/py_srvcli/build
[0.554s] creating /home/sevval/serviceclientpractice_ws/build/py_srvcli/build/lib
[0.554s] creating /home/sevval/serviceclientpractice_ws/build/py_srvcli/build/lib/py_srvcli
[0.554s] copying py_srvcli/service_member_function.py -> /home/sevval/serviceclientpractice_ws/build/py_srvcli/build/lib/py_srvcli
[0.554s] copying py_srvcli/__init__.py -> /home/sevval/serviceclientpractice_ws/build/py_srvcli/build/lib/py_srvcli
[0.554s] copying py_srvcli/client_member_function.py -> /home/sevval/serviceclientpractice_ws/build/py_srvcli/build/lib/py_srvcli
[0.554s] running install
[0.554s] running install_lib
[0.555s] creating /home/sevval/serviceclientpractice_ws/install/py_srvcli/lib/python3.8/site-packages/py_srvcli
[0.555s] copying /home/sevval/serviceclientpractice_ws/build/py_srvcli/build/lib/py_srvcli/service_member_function.py -> /home/sevval/serviceclientpractice_ws/install/py_srvcli/lib/python3.8/site-packages/py_srvcli
[0.555s] copying /home/sevval/serviceclientpractice_ws/build/py_srvcli/build/lib/py_srvcli/__init__.py -> /home/sevval/serviceclientpractice_ws/install/py_srvcli/lib/python3.8/site-packages/py_srvcli
[0.555s] copying /home/sevval/serviceclientpractice_ws/build/py_srvcli/build/lib/py_srvcli/client_member_function.py -> /home/sevval/serviceclientpractice_ws/install/py_srvcli/lib/python3.8/site-packages/py_srvcli
[0.555s] byte-compiling /home/sevval/serviceclientpractice_ws/install/py_srvcli/lib/python3.8/site-packages/py_srvcli/service_member_function.py to service_member_function.cpython-38.pyc
[0.555s] byte-compiling /home/sevval/serviceclientpractice_ws/install/py_srvcli/lib/python3.8/site-packages/py_srvcli/__init__.py to __init__.cpython-38.pyc
[0.556s] byte-compiling /home/sevval/serviceclientpractice_ws/install/py_srvcli/lib/python3.8/site-packages/py_srvcli/client_member_function.py to client_member_function.cpython-38.pyc
[0.556s] running install_data
[0.556s] creating /home/sevval/serviceclientpractice_ws/install/py_srvcli/share/ament_index
[0.556s] creating /home/sevval/serviceclientpractice_ws/install/py_srvcli/share/ament_index/resource_index
[0.556s] creating /home/sevval/serviceclientpractice_ws/install/py_srvcli/share/ament_index/resource_index/packages
[0.556s] copying resource/py_srvcli -> /home/sevval/serviceclientpractice_ws/install/py_srvcli/share/ament_index/resource_index/packages
[0.556s] copying package.xml -> /home/sevval/serviceclientpractice_ws/install/py_srvcli/share/py_srvcli
[0.556s] running install_egg_info
[0.557s] Copying ../../build/py_srvcli/py_srvcli.egg-info to /home/sevval/serviceclientpractice_ws/install/py_srvcli/lib/python3.8/site-packages/py_srvcli-0.0.0-py3.8.egg-info
[0.557s] running install_scripts
[0.566s] Installing client script to /home/sevval/serviceclientpractice_ws/install/py_srvcli/lib/py_srvcli
[0.566s] Installing service script to /home/sevval/serviceclientpractice_ws/install/py_srvcli/lib/py_srvcli
[0.566s] writing list of installed files to '/home/sevval/serviceclientpractice_ws/build/py_srvcli/install.log'
[0.575s] Invoked command in '/home/sevval/serviceclientpractice_ws/src/py_srvcli' returned '0': PYTHONPATH=/home/sevval/serviceclientpractice_ws/build/py_srvcli/prefix_override:/home/sevval/serviceclientpractice_ws/install/py_srvcli/lib/python3.8/site-packages:${PYTHONPATH} /usr/bin/python3 setup.py egg_info --egg-base ../../build/py_srvcli build --build-base /home/sevval/serviceclientpractice_ws/build/py_srvcli/build install --record /home/sevval/serviceclientpractice_ws/build/py_srvcli/install.log --install-scripts $base/lib/py_srvcli --single-version-externally-managed
