[0.399s] Invoking command in '/home/sevval/sevvalnuriclek_ws/py_pubsub': PYTHONPATH=/home/sevval/sevvalnuriclek_ws/build/py_pubsub/prefix_override:/home/sevval/sevvalnuriclek_ws/install/py_pubsub/lib/python3.8/site-packages:${PYTHONPATH} /usr/bin/python3 setup.py egg_info --egg-base ../build/py_pubsub build --build-base /home/sevval/sevvalnuriclek_ws/build/py_pubsub/build install --record /home/sevval/sevvalnuriclek_ws/build/py_pubsub/install.log --install-scripts $base/lib/py_pubsub --single-version-externally-managed
[0.496s] running egg_info
[0.496s] creating ../build/py_pubsub/py_pubsub.egg-info
[0.496s] writing ../build/py_pubsub/py_pubsub.egg-info/PKG-INFO
[0.496s] writing dependency_links to ../build/py_pubsub/py_pubsub.egg-info/dependency_links.txt
[0.496s] writing entry points to ../build/py_pubsub/py_pubsub.egg-info/entry_points.txt
[0.496s] writing requirements to ../build/py_pubsub/py_pubsub.egg-info/requires.txt
[0.496s] writing top-level names to ../build/py_pubsub/py_pubsub.egg-info/top_level.txt
[0.497s] writing manifest file '../build/py_pubsub/py_pubsub.egg-info/SOURCES.txt'
[0.513s] reading manifest file '../build/py_pubsub/py_pubsub.egg-info/SOURCES.txt'
[0.513s] writing manifest file '../build/py_pubsub/py_pubsub.egg-info/SOURCES.txt'
[0.513s] running build
[0.513s] running build_py
[0.513s] creating /home/sevval/sevvalnuriclek_ws/build/py_pubsub/build
[0.513s] creating /home/sevval/sevvalnuriclek_ws/build/py_pubsub/build/lib
[0.513s] creating /home/sevval/sevvalnuriclek_ws/build/py_pubsub/build/lib/py_pubsub
[0.513s] copying py_pubsub/subscriber_member_function.py -> /home/sevval/sevvalnuriclek_ws/build/py_pubsub/build/lib/py_pubsub
[0.513s] copying py_pubsub/__init__.py -> /home/sevval/sevvalnuriclek_ws/build/py_pubsub/build/lib/py_pubsub
[0.513s] copying py_pubsub/publisher_member_function.py -> /home/sevval/sevvalnuriclek_ws/build/py_pubsub/build/lib/py_pubsub
[0.513s] running install
[0.514s] running install_lib
[0.514s] creating /home/sevval/sevvalnuriclek_ws/install/py_pubsub/lib/python3.8/site-packages/py_pubsub
[0.514s] copying /home/sevval/sevvalnuriclek_ws/build/py_pubsub/build/lib/py_pubsub/subscriber_member_function.py -> /home/sevval/sevvalnuriclek_ws/install/py_pubsub/lib/python3.8/site-packages/py_pubsub
[0.514s] copying /home/sevval/sevvalnuriclek_ws/build/py_pubsub/build/lib/py_pubsub/__init__.py -> /home/sevval/sevvalnuriclek_ws/install/py_pubsub/lib/python3.8/site-packages/py_pubsub
[0.514s] copying /home/sevval/sevvalnuriclek_ws/build/py_pubsub/build/lib/py_pubsub/publisher_member_function.py -> /home/sevval/sevvalnuriclek_ws/install/py_pubsub/lib/python3.8/site-packages/py_pubsub
[0.515s] byte-compiling /home/sevval/sevvalnuriclek_ws/install/py_pubsub/lib/python3.8/site-packages/py_pubsub/subscriber_member_function.py to subscriber_member_function.cpython-38.pyc
[0.515s] byte-compiling /home/sevval/sevvalnuriclek_ws/install/py_pubsub/lib/python3.8/site-packages/py_pubsub/__init__.py to __init__.cpython-38.pyc
[0.515s] byte-compiling /home/sevval/sevvalnuriclek_ws/install/py_pubsub/lib/python3.8/site-packages/py_pubsub/publisher_member_function.py to publisher_member_function.cpython-38.pyc
[0.515s] running install_data
[0.516s] creating /home/sevval/sevvalnuriclek_ws/install/py_pubsub/share/ament_index
[0.516s] creating /home/sevval/sevvalnuriclek_ws/install/py_pubsub/share/ament_index/resource_index
[0.516s] creating /home/sevval/sevvalnuriclek_ws/install/py_pubsub/share/ament_index/resource_index/packages
[0.516s] copying resource/py_pubsub -> /home/sevval/sevvalnuriclek_ws/install/py_pubsub/share/ament_index/resource_index/packages
[0.516s] copying package.xml -> /home/sevval/sevvalnuriclek_ws/install/py_pubsub/share/py_pubsub
[0.516s] running install_egg_info
[0.517s] Copying ../build/py_pubsub/py_pubsub.egg-info to /home/sevval/sevvalnuriclek_ws/install/py_pubsub/lib/python3.8/site-packages/py_pubsub-0.0.0-py3.8.egg-info
[0.517s] running install_scripts
[0.526s] Installing listener script to /home/sevval/sevvalnuriclek_ws/install/py_pubsub/lib/py_pubsub
[0.526s] Installing talker script to /home/sevval/sevvalnuriclek_ws/install/py_pubsub/lib/py_pubsub
[0.526s] writing list of installed files to '/home/sevval/sevvalnuriclek_ws/build/py_pubsub/install.log'
[0.536s] Invoked command in '/home/sevval/sevvalnuriclek_ws/py_pubsub' returned '0': PYTHONPATH=/home/sevval/sevvalnuriclek_ws/build/py_pubsub/prefix_override:/home/sevval/sevvalnuriclek_ws/install/py_pubsub/lib/python3.8/site-packages:${PYTHONPATH} /usr/bin/python3 setup.py egg_info --egg-base ../build/py_pubsub build --build-base /home/sevval/sevvalnuriclek_ws/build/py_pubsub/build install --record /home/sevval/sevvalnuriclek_ws/build/py_pubsub/install.log --install-scripts $base/lib/py_pubsub --single-version-externally-managed
